  imgui.cpp
  imgui_demo.cpp
  imgui_draw.cpp
  imgui_tables.cpp
  imgui_widgets.cpp
  imgui_sdl.cpp
C:\Users\Administrator\Desktop\codes\game_3001_labs\lab_1\week_1\include\IMGUI_SDL\imgui_sdl.cpp(3,10): fatal error C1083: 无法打开包括文件: “SDL.h”: No such file or directory
  Agent.cpp
C:\Users\Administrator\Desktop\codes\game_3001_labs\lab_1\week_1\src\Agent.h(5,10): fatal error C1083: 无法打开包括文件: “glm/vec4.hpp”: No such file or directory
  Button.cpp
C:\Users\Administrator\Desktop\codes\game_3001_labs\lab_1\week_1\src\Transform.h(4,10): fatal error C1083: 无法打开包括文件: “glm/vec2.hpp”: No such file or directory
  CollisionManager.cpp
C:\Users\Administrator\Desktop\codes\game_3001_labs\lab_1\week_1\src\Transform.h(4,10): fatal error C1083: 无法打开包括文件: “glm/vec2.hpp”: No such file or directory
  ImGuiWindowFrame.cpp
C:\Users\Administrator\Desktop\codes\game_3001_labs\lab_1\week_1\src\ImGuiWindowFrame.h(4,10): fatal error C1083: 无法打开包括文件: “SDL.h”: No such file or directory
  Obstacle.cpp
C:\Users\Administrator\Desktop\codes\game_3001_labs\lab_1\week_1\src\Transform.h(4,10): fatal error C1083: 无法打开包括文件: “glm/vec2.hpp”: No such file or directory
  Sprite.cpp
C:\Users\Administrator\Desktop\codes\game_3001_labs\lab_1\week_1\src\Transform.h(4,10): fatal error C1083: 无法打开包括文件: “glm/vec2.hpp”: No such file or directory
  UIControl.cpp
C:\Users\Administrator\Desktop\codes\game_3001_labs\lab_1\week_1\src\Transform.h(4,10): fatal error C1083: 无法打开包括文件: “glm/vec2.hpp”: No such file or directory
  DisplayObject.cpp
C:\Users\Administrator\Desktop\codes\game_3001_labs\lab_1\week_1\src\Transform.h(4,10): fatal error C1083: 无法打开包括文件: “glm/vec2.hpp”: No such file or directory
  EndScene.cpp
  The contents of <optional> are available only with C++17 or later.
C:\Users\Administrator\Desktop\codes\game_3001_labs\lab_1\week_1\src\Transform.h(4,10): fatal error C1083: 无法打开包括文件: “glm/vec2.hpp”: No such file or directory
  FontManager.cpp
C:\Users\Administrator\Desktop\codes\game_3001_labs\lab_1\week_1\src\FontManager.h(11,9): fatal error C1083: 无法打开包括文件: “SDL.h”: No such file or directory
  Game.cpp
C:\Users\Administrator\Desktop\codes\game_3001_labs\lab_1\week_1\src\Game.h(11,10): fatal error C1083: 无法打开包括文件: “SDL.h”: No such file or directory
  GameController.cpp
C:\Users\Administrator\Desktop\codes\game_3001_labs\lab_1\week_1\src\GameController.h(5,10): fatal error C1083: 无法打开包括文件: “SDL.h”: No such file or directory
  GameObject.cpp
C:\Users\Administrator\Desktop\codes\game_3001_labs\lab_1\week_1\src\Transform.h(4,10): fatal error C1083: 无法打开包括文件: “glm/vec2.hpp”: No such file or directory
  Label.cpp
C:\Users\Administrator\Desktop\codes\game_3001_labs\lab_1\week_1\src\Transform.h(4,10): fatal error C1083: 无法打开包括文件: “glm/vec2.hpp”: No such file or directory
  正在生成代码...
  正在编译...
  PlayScene.cpp
  The contents of <optional> are available only with C++17 or later.
C:\Users\Administrator\Desktop\codes\game_3001_labs\lab_1\week_1\src\Transform.h(4,10): fatal error C1083: 无法打开包括文件: “glm/vec2.hpp”: No such file or directory
  main.cpp
